Logi tietokone vs. tietokone peleist„.
Aloitukset: 1 = Normal, 2 = Weird, 3 = Evil
Pelityylit: 1 = Defence Master, 2 = Passive Presurer, 3 = Nasty Trap Builder, 7 = Agressive Attacker
Random: 1 = High, 2 = Very High, 3 = Normal

X voitti, aloituksella 3 ja pelityylill„ 7 vs. 7 kun oli pelattu 39 vuoroa. Random oli 3 
X voitti, aloituksella 3 ja pelityylill„ 7 vs. 7 kun oli pelattu 39 vuoroa. Random oli 3 
X voitti, aloituksella 3 ja pelityylill„ 7 vs. 7 kun oli pelattu 39 vuoroa. Random oli 3 
0 voitti, aloituksella 1 ja pelityylill„ 7 vs. 7 kun oli pelattu 44 vuoroa. Random oli 3 
0 voitti, aloituksella 1 ja pelityylill„ 7 vs. 7 kun oli pelattu 48 vuoroa. Random oli 3 
0 voitti, aloituksella 1 ja pelityylill„ 7 vs. 7 kun oli pelattu 74 vuoroa. Random oli 3 
X voitti, aloituksella 1 ja pelityylill„ 7 vs. 7 kun oli pelattu 49 vuoroa. Random oli 3 
X voitti, aloituksella 1 ja pelityylill„ 7 vs. 7 kun oli pelattu 49 vuoroa. Random oli 3 
0 voitti, aloituksella 1 ja pelityylill„ 7 vs. 7 kun oli pelattu 98 vuoroa. Random oli 3 
X voitti, aloituksella 1 ja pelityylill„ 7 vs. 7 kun oli pelattu 51 vuoroa. Random oli 3 
0 voitti, aloituksella 1 ja pelityylill„ 7 vs. 7 kun oli pelattu 68 vuoroa. Random oli 3 
0 voitti, aloituksella 2 ja pelityylill„ 7 vs. 7 kun oli pelattu 70 vuoroa. Random oli 3 
X voitti, aloituksella 2 ja pelityylill„ 7 vs. 7 kun oli pelattu 47 vuoroa. Random oli 3 
X voitti, aloituksella 2 ja pelityylill„ 7 vs. 7 kun oli pelattu 27 vuoroa. Random oli 3 
X voitti, aloituksella 2 ja pelityylill„ 7 vs. 7 kun oli pelattu 27 vuoroa. Random oli 3 
X voitti, aloituksella 2 ja pelityylill„ 7 vs. 7 kun oli pelattu 27 vuoroa. Random oli 3 
X voitti, aloituksella 2 ja pelityylill„ 7 vs. 7 kun oli pelattu 87 vuoroa. Random oli 3 
X voitti, aloituksella 2 ja pelityylill„ 7 vs. 7 kun oli pelattu 39 vuoroa. Random oli 3 
X voitti, aloituksella 3 ja pelityylill„ 1 vs. 1 kun oli pelattu 47 vuoroa. Random oli 3 
X voitti, aloituksella 3 ja pelityylill„ 1 vs. 1 kun oli pelattu 47 vuoroa. Random oli 3 
0 voitti, aloituksella 3 ja pelityylill„ 1 vs. 1 kun oli pelattu 192 vuoroa. Random oli 3 
0 voitti, aloituksella 3 ja pelityylill„ 1 vs. 1 kun oli pelattu 168 vuoroa. Random oli 3 
X voitti, aloituksella 3 ja pelityylill„ 1 vs. 1 kun oli pelattu 155 vuoroa. Random oli 3 
X voitti, aloituksella 1 ja pelityylill„ 1 vs. 1 kun oli pelattu 65 vuoroa. Random oli 3 
0 voitti, aloituksella 1 ja pelityylill„ 1 vs. 1 kun oli pelattu 72 vuoroa. Random oli 3 
X voitti, aloituksella 1 ja pelityylill„ 1 vs. 1 kun oli pelattu 79 vuoroa. Random oli 3 
X voitti, aloituksella 2 ja pelityylill„ 1 vs. 1 kun oli pelattu 41 vuoroa. Random oli 3 
X voitti, aloituksella 2 ja pelityylill„ 1 vs. 1 kun oli pelattu 41 vuoroa. Random oli 3 
X voitti, aloituksella 2 ja pelityylill„ 1 vs. 1 kun oli pelattu 41 vuoroa. Random oli 3 
X voitti, aloituksella 1 ja pelityylill„ 3 vs. 1 kun oli pelattu 37 vuoroa. Random oli 3 
X voitti, aloituksella 1 ja pelityylill„ 3 vs. 1 kun oli pelattu 37 vuoroa. Random oli 3 
X voitti, aloituksella 1 ja pelityylill„ 3 vs. 1 kun oli pelattu 37 vuoroa. Random oli 3 
X voitti, aloituksella 1 ja pelityylill„ 3 vs. 1 kun oli pelattu 53 vuoroa. Random oli 3 
0 voitti, aloituksella 1 ja pelityylill„ 3 vs. 1 kun oli pelattu 46 vuoroa. Random oli 3 
X voitti, aloituksella 2 ja pelityylill„ 3 vs. 1 kun oli pelattu 31 vuoroa. Random oli 3 
X voitti, aloituksella 2 ja pelityylill„ 3 vs. 1 kun oli pelattu 31 vuoroa. Random oli 3 
0 voitti, aloituksella 2 ja pelityylill„ 3 vs. 1 kun oli pelattu 118 vuoroa. Random oli 3 
X voitti, aloituksella 2 ja pelityylill„ 3 vs. 1 kun oli pelattu 31 vuoroa. Random oli 3 
X voitti, aloituksella 3 ja pelityylill„ 3 vs. 3 kun oli pelattu 43 vuoroa. Random oli 3 
X voitti, aloituksella 3 ja pelityylill„ 3 vs. 3 kun oli pelattu 43 vuoroa. Random oli 3 
X voitti, aloituksella 3 ja pelityylill„ 3 vs. 3 kun oli pelattu 43 vuoroa. Random oli 3 
X voitti, aloituksella 3 ja pelityylill„ 3 vs. 3 kun oli pelattu 43 vuoroa. Random oli 3 
X voitti, aloituksella 3 ja pelityylill„ 3 vs. 3 kun oli pelattu 43 vuoroa. Random oli 3 
X voitti, aloituksella 3 ja pelityylill„ 3 vs. 3 kun oli pelattu 43 vuoroa. Random oli 3 
X voitti, aloituksella 3 ja pelityylill„ 2 vs. 3 kun oli pelattu 27 vuoroa. Random oli 3 
0 voitti, aloituksella 3 ja pelityylill„ 2 vs. 3 kun oli pelattu 38 vuoroa. Random oli 3 
X voitti, aloituksella 3 ja pelityylill„ 2 vs. 3 kun oli pelattu 27 vuoroa. Random oli 3 
X voitti, aloituksella 3 ja pelityylill„ 2 vs. 3 kun oli pelattu 27 vuoroa. Random oli 3 
0 voitti, aloituksella 1 ja pelityylill„ 2 vs. 3 kun oli pelattu 48 vuoroa. Random oli 3 
0 voitti, aloituksella 1 ja pelityylill„ 2 vs. 3 kun oli pelattu 48 vuoroa. Random oli 3 
X voitti, aloituksella 1 ja pelityylill„ 2 vs. 3 kun oli pelattu 69 vuoroa. Random oli 3 
X voitti, aloituksella 2 ja pelityylill„ 2 vs. 3 kun oli pelattu 35 vuoroa. Random oli 3 
X voitti, aloituksella 2 ja pelityylill„ 2 vs. 3 kun oli pelattu 35 vuoroa. Random oli 3 
X voitti, aloituksella 2 ja pelityylill„ 2 vs. 3 kun oli pelattu 35 vuoroa. Random oli 3 
X voitti, aloituksella 3 ja pelityylill„ 7 vs. 7 kun oli pelattu 39 vuoroa. Random oli 3 
0 voitti, aloituksella 3 ja pelityylill„ 7 vs. 7 kun oli pelattu 32 vuoroa. Random oli 3 
