Logi tietokone vs. tietokone peleist„.
Aloitukset: 1 = Normal, 2 = THO-MOKU, 3 = Bf special, 4 = Big X
Pelityylit: 1 = Defence Master, 2 = Passive Presurer, 3 = Nasty Trap Builder, 7 = Agressive Attacker
Random: 1 = High, 2 = Very High, 3 = Normal

X voitti, aloituksella 4 ja pelityylill„ 7 vs. 7 kun oli pelattu 21 vuoroa. Random oli 3 
X voitti, aloituksella 4 ja pelityylill„ 7 vs. 7 kun oli pelattu 21 vuoroa. Random oli 3 
X voitti, aloituksella 4 ja pelityylill„ 1 vs. 1 kun oli pelattu 27 vuoroa. Random oli 3 
X voitti, aloituksella 2 ja pelityylill„ 1 vs. 1 kun oli pelattu 99 vuoroa. Random oli 3 
0 voitti, aloituksella 3 ja pelityylill„ 1 vs. 1 kun oli pelattu 26 vuoroa. Random oli 3 
X voitti, aloituksella 1 ja pelityylill„ 1 vs. 1 kun oli pelattu 101 vuoroa. Random oli 3 
0 voitti, aloituksella 1 ja pelityylill„ 7 vs. 7 kun oli pelattu 52 vuoroa. Random oli 3 
X voitti, aloituksella 1 ja pelityylill„ 2 vs. 2 kun oli pelattu 37 vuoroa. Random oli 3 
X voitti, aloituksella 2 ja pelityylill„ 2 vs. 2 kun oli pelattu 31 vuoroa. Random oli 3 
X voitti, aloituksella 3 ja pelityylill„ 2 vs. 2 kun oli pelattu 23 vuoroa. Random oli 3 
X voitti, aloituksella 4 ja pelityylill„ 2 vs. 2 kun oli pelattu 19 vuoroa. Random oli 3 
X voitti, aloituksella 1 ja pelityylill„ 3 vs. 3 kun oli pelattu 87 vuoroa. Random oli 3 
X voitti, aloituksella 2 ja pelityylill„ 3 vs. 3 kun oli pelattu 33 vuoroa. Random oli 3 
0 voitti, aloituksella 3 ja pelityylill„ 3 vs. 3 kun oli pelattu 30 vuoroa. Random oli 3 
X voitti, aloituksella 4 ja pelityylill„ 3 vs. 3 kun oli pelattu 21 vuoroa. Random oli 3 
0 voitti, aloituksella 1 ja pelityylill„ 7 vs. 1 kun oli pelattu 40 vuoroa. Random oli 3 
X voitti, aloituksella 1 ja pelityylill„ 1 vs. 7 kun oli pelattu 47 vuoroa. Random oli 3 
0 voitti, aloituksella 1 ja pelityylill„ 2 vs. 7 kun oli pelattu 64 vuoroa. Random oli 3 
X voitti, aloituksella 1 ja pelityylill„ 7 vs. 2 kun oli pelattu 49 vuoroa. Random oli 3 
X voitti, aloituksella 1 ja pelityylill„ 1 vs. 2 kun oli pelattu 85 vuoroa. Random oli 3 
X voitti, aloituksella 1 ja pelityylill„ 2 vs. 1 kun oli pelattu 43 vuoroa. Random oli 3 
X voitti, aloituksella 1 ja pelityylill„ 3 vs. 1 kun oli pelattu 75 vuoroa. Random oli 3 
0 voitti, aloituksella 1 ja pelityylill„ 1 vs. 3 kun oli pelattu 38 vuoroa. Random oli 3 
0 voitti, aloituksella 1 ja pelityylill„ 7 vs. 3 kun oli pelattu 30 vuoroa. Random oli 3 
0 voitti, aloituksella 1 ja pelityylill„ 3 vs. 7 kun oli pelattu 72 vuoroa. Random oli 3 
X voitti, aloituksella 1 ja pelityylill„ 2 vs. 3 kun oli pelattu 71 vuoroa. Random oli 3 
0 voitti, aloituksella 1 ja pelityylill„ 3 vs. 2 kun oli pelattu 56 vuoroa. Random oli 3 
X voitti, aloituksella 4 ja pelityylill„ 1 vs. 1 kun oli pelattu 29 vuoroa. Random oli 3 
